mode: set
github.com/adalgisoabercio19/submission_student_routes/main.go:22.19,33.2 7 1
github.com/adalgisoabercio19/submission_student_routes/main.go:36.40,39.2 1 1
github.com/adalgisoabercio19/submission_student_routes/main.go:42.39,46.29 2 1
github.com/adalgisoabercio19/submission_student_routes/main.go:46.29,47.17 1 1
github.com/adalgisoabercio19/submission_student_routes/main.go:47.17,50.4 1 0
github.com/adalgisoabercio19/submission_student_routes/main.go:52.2,52.35 1 1
github.com/adalgisoabercio19/submission_student_routes/main.go:56.42,61.41 2 1
github.com/adalgisoabercio19/submission_student_routes/main.go:61.41,62.51 1 0
github.com/adalgisoabercio19/submission_student_routes/main.go:65.2,65.24 1 1
github.com/adalgisoabercio19/submission_student_routes/main.go:65.24,68.3 2 1
github.com/adalgisoabercio19/submission_student_routes/main.go:68.8,70.3 1 1
github.com/adalgisoabercio19/submission_student_routes/main.go:72.2,73.44 2 1
github.com/adalgisoabercio19/submission_student_routes/main.go:77.42,86.17 4 1
github.com/adalgisoabercio19/submission_student_routes/main.go:86.17,88.3 1 0
github.com/adalgisoabercio19/submission_student_routes/main.go:89.2,90.16 2 0
github.com/adalgisoabercio19/submission_student_routes/main.go:90.16,91.51 1 0
github.com/adalgisoabercio19/submission_student_routes/main.go:94.2,94.44 1 0
github.com/adalgisoabercio19/submission_student_routes/main.go:94.44,95.21 1 0
github.com/adalgisoabercio19/submission_student_routes/main.go:98.2,98.35 1 0
github.com/adalgisoabercio19/submission_student_routes/main.go:98.35,99.23 1 0
github.com/adalgisoabercio19/submission_student_routes/main.go:99.23,100.29 1 0
github.com/adalgisoabercio19/submission_student_routes/main.go:100.29,102.5 1 0
github.com/adalgisoabercio19/submission_student_routes/main.go:104.4,104.27 1 0
github.com/adalgisoabercio19/submission_student_routes/main.go:104.27,106.5 1 0
github.com/adalgisoabercio19/submission_student_routes/main.go:108.4,108.30 1 0
github.com/adalgisoabercio19/submission_student_routes/main.go:108.30,110.5 1 0
github.com/adalgisoabercio19/submission_student_routes/main.go:113.2,113.40 1 0
github.com/adalgisoabercio19/submission_student_routes/main.go:117.42,122.2 3 1
